Analysis & Synthesis report for cpu
Mon Dec 31 01:01:33 2018
Quartus II Version 9.0 Build 184 04/29/2009 Service Pack 1 SJ Web Edition


---------------------
; Table of Contents ;
---------------------
  1. Legal Notice
  2. Analysis & Synthesis Summary
  3. Analysis & Synthesis Settings
  4. Analysis & Synthesis Source Files Read
  5. Analysis & Synthesis Resource Usage Summary
  6. Analysis & Synthesis Resource Utilization by Entity
  7. Analysis & Synthesis RAM Summary
  8. User-Specified and Inferred Latches
  9. General Register Statistics
 10. Inverted Register Statistics
 11. Multiplexer Restructuring Statistics (Restructuring Performed)
 12. Source assignments for LPM_RAM_IO:inst|altram:sram|altsyncram:ram_block|altsyncram_c591:auto_generated
 13. Parameter Settings for User Entity Instance: LPM_RAM_IO:inst
 14. Analysis & Synthesis Messages



----------------
; Legal Notice ;
----------------
Copyright (C) 1991-2009 Altera Corporation
Your use of Altera Corporation's design tools, logic functions 
and other software and tools, and its AMPP partner logic 
functions, and any output files from any of the foregoing 
(including device programming or simulation files), and any 
associated documentation or information are expressly subject 
to the terms and conditions of the Altera Program License 
Subscription Agreement, Altera MegaCore Function License 
Agreement, or other applicable license agreement, including, 
without limitation, that your use is for the sole purpose of 
programming logic devices manufactured by Altera and sold by 
Altera or its authorized distributors.  Please refer to the 
applicable agreement for further details.



+----------------------------------------------------------------------------+
; Analysis & Synthesis Summary                                               ;
+-----------------------------+----------------------------------------------+
; Analysis & Synthesis Status ; Successful - Mon Dec 31 01:01:32 2018        ;
; Quartus II Version          ; 9.0 Build 184 04/29/2009 SP 1 SJ Web Edition ;
; Revision Name               ; cpu                                          ;
; Top-level Entity Name       ; cpu                                          ;
; Family                      ; Cyclone                                      ;
; Total logic elements        ; 241                                          ;
; Total pins                  ; 60                                           ;
; Total virtual pins          ; 0                                            ;
; Total memory bits           ; 2,048                                        ;
; Total PLLs                  ; 0                                            ;
+-----------------------------+----------------------------------------------+


+--------------------------------------------------------------------------------------------------------+
; Analysis & Synthesis Settings                                                                          ;
+--------------------------------------------------------------+--------------------+--------------------+
; Option                                                       ; Setting            ; Default Value      ;
+--------------------------------------------------------------+--------------------+--------------------+
; Device                                                       ; EP1C3T144C8        ;                    ;
; Top-level entity name                                        ; cpu                ; cpu                ;
; Family name                                                  ; Cyclone            ; Stratix II         ;
; Use Generated Physical Constraints File                      ; Off                ;                    ;
; Use smart compilation                                        ; Off                ; Off                ;
; Restructure Multiplexers                                     ; Auto               ; Auto               ;
; Create Debugging Nodes for IP Cores                          ; Off                ; Off                ;
; Preserve fewer node names                                    ; On                 ; On                 ;
; Disable OpenCore Plus hardware evaluation                    ; Off                ; Off                ;
; Verilog Version                                              ; Verilog_2001       ; Verilog_2001       ;
; VHDL Version                                                 ; VHDL93             ; VHDL93             ;
; State Machine Processing                                     ; Auto               ; Auto               ;
; Safe State Machine                                           ; Off                ; Off                ;
; Extract Verilog State Machines                               ; On                 ; On                 ;
; Extract VHDL State Machines                                  ; On                 ; On                 ;
; Ignore Verilog initial constructs                            ; Off                ; Off                ;
; Iteration limit for constant Verilog loops                   ; 5000               ; 5000               ;
; Iteration limit for non-constant Verilog loops               ; 250                ; 250                ;
; Add Pass-Through Logic to Inferred RAMs                      ; On                 ; On                 ;
; Parallel Synthesis                                           ; Off                ; Off                ;
; NOT Gate Push-Back                                           ; On                 ; On                 ;
; Power-Up Don't Care                                          ; On                 ; On                 ;
; Remove Redundant Logic Cells                                 ; Off                ; Off                ;
; Remove Duplicate Registers                                   ; On                 ; On                 ;
; Ignore CARRY Buffers                                         ; Off                ; Off                ;
; Ignore CASCADE Buffers                                       ; Off                ; Off                ;
; Ignore GLOBAL Buffers                                        ; Off                ; Off                ;
; Ignore ROW GLOBAL Buffers                                    ; Off                ; Off                ;
; Ignore LCELL Buffers                                         ; Off                ; Off                ;
; Ignore SOFT Buffers                                          ; On                 ; On                 ;
; Limit AHDL Integers to 32 Bits                               ; Off                ; Off                ;
; Optimization Technique                                       ; Balanced           ; Balanced           ;
; Carry Chain Length                                           ; 70                 ; 70                 ;
; Auto Carry Chains                                            ; On                 ; On                 ;
; Auto Open-Drain Pins                                         ; On                 ; On                 ;
; Perform WYSIWYG Primitive Resynthesis                        ; Off                ; Off                ;
; Auto ROM Replacement                                         ; On                 ; On                 ;
; Auto RAM Replacement                                         ; On                 ; On                 ;
; Auto Shift Register Replacement                              ; Auto               ; Auto               ;
; Auto Clock Enable Replacement                                ; On                 ; On                 ;
; Strict RAM Replacement                                       ; Off                ; Off                ;
; Allow Synchronous Control Signals                            ; On                 ; On                 ;
; Force Use of Synchronous Clear Signals                       ; Off                ; Off                ;
; Auto RAM Block Balancing                                     ; On                 ; On                 ;
; Auto RAM to Logic Cell Conversion                            ; Off                ; Off                ;
; Auto Resource Sharing                                        ; Off                ; Off                ;
; Allow Any RAM Size For Recognition                           ; Off                ; Off                ;
; Allow Any ROM Size For Recognition                           ; Off                ; Off                ;
; Allow Any Shift Register Size For Recognition                ; Off                ; Off                ;
; Use LogicLock Constraints during Resource Balancing          ; On                 ; On                 ;
; Ignore translate_off and synthesis_off directives            ; Off                ; Off                ;
; Show Parameter Settings Tables in Synthesis Report           ; On                 ; On                 ;
; Ignore Maximum Fan-Out Assignments                           ; Off                ; Off                ;
; Synchronization Register Chain Length                        ; 2                  ; 2                  ;
; PowerPlay Power Optimization                                 ; Normal compilation ; Normal compilation ;
; HDL message level                                            ; Level2             ; Level2             ;
; Suppress Register Optimization Related Messages              ; Off                ; Off                ;
; Number of Removed Registers Reported in Synthesis Report     ; 100                ; 100                ;
; Number of Inverted Registers Reported in Synthesis Report    ; 100                ; 100                ;
; Clock MUX Protection                                         ; On                 ; On                 ;
; Block Design Naming                                          ; Auto               ; Auto               ;
; Synthesis Effort                                             ; Auto               ; Auto               ;
; Shift Register Replacement - Allow Asynchronous Clear Signal ; On                 ; On                 ;
; Analysis & Synthesis Message Level                           ; Medium             ; Medium             ;
+--------------------------------------------------------------+--------------------+--------------------+


+---------------------------------------------------------------------------------------------------------------------------------------------------------------------------------------+
; Analysis & Synthesis Source Files Read                                                                                                                                                ;
+----------------------------------+-----------------+------------------------------------+---------------------------------------------------------------------------------------------+
; File Name with User-Entered Path ; Used in Netlist ; File Type                          ; File Name with Absolute Path                                                                ;
+----------------------------------+-----------------+------------------------------------+---------------------------------------------------------------------------------------------+
; ../CZSCQ/SCQ.vhd                 ; yes             ; User VHDL File                     ; C:/Users/apple/Desktop/综合设计大家庭/综合设计 最终版本 自我调节/CZSCQ/SCQ.vhd              ;
; ../SZCSQ/csq.vhd                 ; yes             ; User VHDL File                     ; C:/Users/apple/Desktop/综合设计大家庭/综合设计 最终版本 自我调节/SZCSQ/csq.vhd              ;
; ../时钟寄存器/CJCQ.vhd           ; yes             ; User VHDL File                     ; C:/Users/apple/Desktop/综合设计大家庭/综合设计 最终版本 自我调节/时钟寄存器/CJCQ.vhd        ;
; ../控制器/KZQ.vhd                ; yes             ; User VHDL File                     ; C:/Users/apple/Desktop/综合设计大家庭/综合设计 最终版本 自我调节/控制器/KZQ.vhd             ;
; ../指令译码器/ZLYMQ.vhd          ; yes             ; User VHDL File                     ; C:/Users/apple/Desktop/综合设计大家庭/综合设计 最终版本 自我调节/指令译码器/ZLYMQ.vhd       ;
; ../指令寄存器/ZLJCQ.vhd          ; yes             ; User VHDL File                     ; C:/Users/apple/Desktop/综合设计大家庭/综合设计 最终版本 自我调节/指令寄存器/ZLJCQ.vhd       ;
; ../指令计数器/JSQ.vhd            ; yes             ; User VHDL File                     ; C:/Users/apple/Desktop/综合设计大家庭/综合设计 最终版本 自我调节/指令计数器/JSQ.vhd         ;
; ../选择器/XZQ.vhd                ; yes             ; User VHDL File                     ; C:/Users/apple/Desktop/综合设计大家庭/综合设计 最终版本 自我调节/选择器/XZQ.vhd             ;
; ../通用寄存器/TJ.vhd             ; yes             ; User VHDL File                     ; C:/Users/apple/Desktop/综合设计大家庭/综合设计 最终版本 自我调节/通用寄存器/TJ.vhd          ;
; ../ALU/ALU.vhd                   ; yes             ; User VHDL File                     ; C:/Users/apple/Desktop/综合设计大家庭/综合设计 最终版本 自我调节/ALU/ALU.vhd                ;
; ../指令译码器/cpu.bdf            ; yes             ; User Block Diagram/Schematic File  ; C:/Users/apple/Desktop/综合设计大家庭/综合设计 最终版本 自我调节/指令译码器/cpu.bdf         ;
; LPM_RAM_IO.tdf                   ; yes             ; Megafunction                       ; c:/altera/90sp1/quartus/libraries/megafunctions/LPM_RAM_IO.tdf                              ;
; altram.inc                       ; yes             ; Megafunction                       ; c:/altera/90sp1/quartus/libraries/megafunctions/altram.inc                                  ;
; lpm_mux.inc                      ; yes             ; Megafunction                       ; c:/altera/90sp1/quartus/libraries/megafunctions/lpm_mux.inc                                 ;
; lpm_decode.inc                   ; yes             ; Megafunction                       ; c:/altera/90sp1/quartus/libraries/megafunctions/lpm_decode.inc                              ;
; aglobal90.inc                    ; yes             ; Megafunction                       ; c:/altera/90sp1/quartus/libraries/megafunctions/aglobal90.inc                               ;
; altram.tdf                       ; yes             ; Megafunction                       ; c:/altera/90sp1/quartus/libraries/megafunctions/altram.tdf                                  ;
; memmodes.inc                     ; yes             ; Megafunction                       ; c:/altera/90sp1/quartus/libraries/others/maxplus2/memmodes.inc                              ;
; altsyncram.inc                   ; yes             ; Megafunction                       ; c:/altera/90sp1/quartus/libraries/megafunctions/altsyncram.inc                              ;
; altqpram.inc                     ; yes             ; Megafunction                       ; c:/altera/90sp1/quartus/libraries/megafunctions/altqpram.inc                                ;
; altsyncram.tdf                   ; yes             ; Megafunction                       ; c:/altera/90sp1/quartus/libraries/megafunctions/altsyncram.tdf                              ;
; stratix_ram_block.inc            ; yes             ; Megafunction                       ; c:/altera/90sp1/quartus/libraries/megafunctions/stratix_ram_block.inc                       ;
; a_rdenreg.inc                    ; yes             ; Megafunction                       ; c:/altera/90sp1/quartus/libraries/megafunctions/a_rdenreg.inc                               ;
; altrom.inc                       ; yes             ; Megafunction                       ; c:/altera/90sp1/quartus/libraries/megafunctions/altrom.inc                                  ;
; altdpram.inc                     ; yes             ; Megafunction                       ; c:/altera/90sp1/quartus/libraries/megafunctions/altdpram.inc                                ;
; db/altsyncram_c591.tdf           ; yes             ; Auto-Generated Megafunction        ; C:/Users/apple/Desktop/综合设计大家庭/综合设计 最终版本 自我调节/cpu/db/altsyncram_c591.tdf ;
+----------------------------------+-----------------+------------------------------------+---------------------------------------------------------------------------------------------+


+-------------------------------------------------------------+
; Analysis & Synthesis Resource Usage Summary                 ;
+---------------------------------------------+---------------+
; Resource                                    ; Usage         ;
+---------------------------------------------+---------------+
; Total logic elements                        ; 241           ;
;     -- Combinational with no register       ; 197           ;
;     -- Register only                        ; 27            ;
;     -- Combinational with a register        ; 17            ;
;                                             ;               ;
; Logic element usage by number of LUT inputs ;               ;
;     -- 4 input functions                    ; 111           ;
;     -- 3 input functions                    ; 75            ;
;     -- 2 input functions                    ; 18            ;
;     -- 1 input functions                    ; 10            ;
;     -- 0 input functions                    ; 0             ;
;                                             ;               ;
; Logic elements by mode                      ;               ;
;     -- normal mode                          ; 218           ;
;     -- arithmetic mode                      ; 23            ;
;     -- qfbk mode                            ; 0             ;
;     -- register cascade mode                ; 0             ;
;     -- synchronous clear/load mode          ; 8             ;
;     -- asynchronous clear/load mode         ; 42            ;
;                                             ;               ;
; Total registers                             ; 44            ;
; Total logic cells in carry chains           ; 26            ;
; I/O pins                                    ; 60            ;
; Total memory bits                           ; 2048          ;
; Maximum fan-out node                        ; csq:inst14|Q1 ;
; Maximum fan-out                             ; 45            ;
; Total fan-out                               ; 1024          ;
; Average fan-out                             ; 3.31          ;
+---------------------------------------------+---------------+


+----------------------------------------------------------------------------------------------------------------------------------------------------------------------------------------------------------------------------------------------------------------------------------------------------------+
; Analysis & Synthesis Resource Utilization by Entity                                                                                                                                                                                                                                                      ;
+----------------------------------------------+-------------+--------------+-------------+------+--------------+--------------+-------------------+------------------+-----------------+------------+--------------------------------------------------------------------------------------+--------------+
; Compilation Hierarchy Node                   ; Logic Cells ; LC Registers ; Memory Bits ; Pins ; Virtual Pins ; LUT-Only LCs ; Register-Only LCs ; LUT/Register LCs ; Carry Chain LCs ; Packed LCs ; Full Hierarchy Name                                                                  ; Library Name ;
+----------------------------------------------+-------------+--------------+-------------+------+--------------+--------------+-------------------+------------------+-----------------+------------+--------------------------------------------------------------------------------------+--------------+
; |cpu                                         ; 241 (0)     ; 44           ; 2048        ; 60   ; 0            ; 197 (0)      ; 27 (0)            ; 17 (0)           ; 26 (0)          ; 0 (0)      ; |cpu                                                                                 ; work         ;
;    |ALU:inst19|                              ; 90 (90)     ; 0            ; 0           ; 0    ; 0            ; 90 (90)      ; 0 (0)             ; 0 (0)            ; 18 (18)         ; 0 (0)      ; |cpu|ALU:inst19                                                                      ; work         ;
;    |JSQ:inst1|                               ; 8 (8)       ; 8            ; 0           ; 0    ; 0            ; 0 (0)        ; 0 (0)             ; 8 (8)            ; 8 (8)           ; 0 (0)      ; |cpu|JSQ:inst1                                                                       ; work         ;
;    |KZQ:inst13|                              ; 14 (14)     ; 0            ; 0           ; 0    ; 0            ; 14 (14)      ; 0 (0)             ; 0 (0)            ; 0 (0)           ; 0 (0)      ; |cpu|KZQ:inst13                                                                      ; work         ;
;    |SCQ:inst4|                               ; 2 (2)       ; 2            ; 0           ; 0    ; 0            ; 0 (0)        ; 1 (1)             ; 1 (1)            ; 0 (0)           ; 0 (0)      ; |cpu|SCQ:inst4                                                                       ; work         ;
;    |TJ:inst3|                                ; 61 (61)     ; 24           ; 0           ; 0    ; 0            ; 37 (37)      ; 18 (18)           ; 6 (6)            ; 0 (0)           ; 0 (0)      ; |cpu|TJ:inst3                                                                        ; work         ;
;    |XZQ:inst2|                               ; 25 (25)     ; 0            ; 0           ; 0    ; 0            ; 25 (25)      ; 0 (0)             ; 0 (0)            ; 0 (0)           ; 0 (0)      ; |cpu|XZQ:inst2                                                                       ; work         ;
;    |ZLJCQ:inst5|                             ; 8 (8)       ; 8            ; 0           ; 0    ; 0            ; 0 (0)        ; 8 (8)             ; 0 (0)            ; 0 (0)           ; 0 (0)      ; |cpu|ZLJCQ:inst5                                                                     ; work         ;
;    |ZLYMQ:inst9|                             ; 19 (19)     ; 0            ; 0           ; 0    ; 0            ; 19 (19)      ; 0 (0)             ; 0 (0)            ; 0 (0)           ; 0 (0)      ; |cpu|ZLYMQ:inst9                                                                     ; work         ;
;    |csq:inst12|                              ; 1 (1)       ; 1            ; 0           ; 0    ; 0            ; 0 (0)        ; 0 (0)             ; 1 (1)            ; 0 (0)           ; 0 (0)      ; |cpu|csq:inst12                                                                      ; work         ;
;    |csq:inst14|                              ; 1 (1)       ; 1            ; 0           ; 0    ; 0            ; 0 (0)        ; 0 (0)             ; 1 (1)            ; 0 (0)           ; 0 (0)      ; |cpu|csq:inst14                                                                      ; work         ;
;    |lpm_ram_io:inst|                         ; 12 (12)     ; 0            ; 2048        ; 0    ; 0            ; 12 (12)      ; 0 (0)             ; 0 (0)            ; 0 (0)           ; 0 (0)      ; |cpu|lpm_ram_io:inst                                                                 ; work         ;
;       |altram:sram|                          ; 0 (0)       ; 0            ; 2048        ; 0    ; 0            ; 0 (0)        ; 0 (0)             ; 0 (0)            ; 0 (0)           ; 0 (0)      ; |cpu|lpm_ram_io:inst|altram:sram                                                     ; work         ;
;          |altsyncram:ram_block|              ; 0 (0)       ; 0            ; 2048        ; 0    ; 0            ; 0 (0)        ; 0 (0)             ; 0 (0)            ; 0 (0)           ; 0 (0)      ; |cpu|lpm_ram_io:inst|altram:sram|altsyncram:ram_block                                ; work         ;
;             |altsyncram_c591:auto_generated| ; 0 (0)       ; 0            ; 2048        ; 0    ; 0            ; 0 (0)        ; 0 (0)             ; 0 (0)            ; 0 (0)           ; 0 (0)      ; |cpu|lpm_ram_io:inst|altram:sram|altsyncram:ram_block|altsyncram_c591:auto_generated ; work         ;
+----------------------------------------------+-------------+--------------+-------------+------+--------------+--------------+-------------------+------------------+-----------------+------------+--------------------------------------------------------------------------------------+--------------+
Note: For table entries with two numbers listed, the numbers in parentheses indicate the number of resources of the given type used by the specific entity alone. The numbers listed outside of parentheses indicate the total resources of the given type used by the specific entity and all of its sub-entities in the hierarchy.


+----------------------------------------------------------------------------------------------------------------------------------------------------------------------------------------------+
; Analysis & Synthesis RAM Summary                                                                                                                                                             ;
+--------------------------------------------------------------------------------------------+------+-------------+--------------+--------------+--------------+--------------+------+---------+
; Name                                                                                       ; Type ; Mode        ; Port A Depth ; Port A Width ; Port B Depth ; Port B Width ; Size ; MIF     ;
+--------------------------------------------------------------------------------------------+------+-------------+--------------+--------------+--------------+--------------+------+---------+
; lpm_ram_io:inst|altram:sram|altsyncram:ram_block|altsyncram_c591:auto_generated|ALTSYNCRAM ; AUTO ; Single Port ; 256          ; 8            ; --           ; --           ; 2048 ; cpu.mif ;
+--------------------------------------------------------------------------------------------+------+-------------+--------------+--------------+--------------+--------------+------+---------+


+-----------------------------------------------------------------------------------------------------+
; User-Specified and Inferred Latches                                                                 ;
+-----------------------------------------------------+----------------------+------------------------+
; Latch Name                                          ; Latch Enable Signal  ; Free of Timing Hazards ;
+-----------------------------------------------------+----------------------+------------------------+
; XZQ:inst2|OUT1[7]                                   ; XZQ:inst2|OUT1[7]~17 ; yes                    ;
; XZQ:inst2|OUT1[6]                                   ; XZQ:inst2|OUT1[7]~17 ; yes                    ;
; XZQ:inst2|OUT1[5]                                   ; XZQ:inst2|OUT1[7]~17 ; yes                    ;
; XZQ:inst2|OUT1[4]                                   ; XZQ:inst2|OUT1[7]~17 ; yes                    ;
; XZQ:inst2|OUT1[3]                                   ; XZQ:inst2|OUT1[7]~17 ; yes                    ;
; XZQ:inst2|OUT1[2]                                   ; XZQ:inst2|OUT1[7]~17 ; yes                    ;
; XZQ:inst2|OUT1[1]                                   ; XZQ:inst2|OUT1[7]~17 ; yes                    ;
; XZQ:inst2|OUT1[0]                                   ; XZQ:inst2|OUT1[7]~17 ; yes                    ;
; KZQ:inst13|MADD[0]                                  ; GND                  ; yes                    ;
; KZQ:inst13|MADD[1]                                  ; GND                  ; yes                    ;
; ALU:inst19|ZZ[7]                                    ; ALU:inst19|ZZ[8]~87  ; yes                    ;
; ALU:inst19|ZZ[0]_264                                ; ALU:inst19|ZZ[8]~87  ; yes                    ;
; ALU:inst19|ZZ[6]                                    ; ALU:inst19|ZZ[8]~87  ; yes                    ;
; ALU:inst19|ZZ[5]                                    ; ALU:inst19|ZZ[8]~87  ; yes                    ;
; ALU:inst19|ZZ[4]                                    ; ALU:inst19|ZZ[8]~87  ; yes                    ;
; ALU:inst19|ZZ[3]                                    ; ALU:inst19|ZZ[8]~87  ; yes                    ;
; ALU:inst19|ZZ[2]                                    ; ALU:inst19|ZZ[8]~87  ; yes                    ;
; ALU:inst19|ZZ[1]                                    ; ALU:inst19|ZZ[8]~87  ; yes                    ;
; ALU:inst19|ZZ[0]                                    ; ALU:inst19|ZZ[8]~87  ; yes                    ;
; ALU:inst19|ZZ[8]                                    ; ALU:inst19|ZZ[8]~87  ; yes                    ;
; Number of user-specified and inferred latches = 20  ;                      ;                        ;
+-----------------------------------------------------+----------------------+------------------------+
Note: All latches listed above may not be present at the end of synthesis due to various synthesis optimizations.


+------------------------------------------------------+
; General Register Statistics                          ;
+----------------------------------------------+-------+
; Statistic                                    ; Value ;
+----------------------------------------------+-------+
; Total registers                              ; 44    ;
; Number of registers using Synchronous Clear  ; 0     ;
; Number of registers using Synchronous Load   ; 8     ;
; Number of registers using Asynchronous Clear ; 42    ;
; Number of registers using Asynchronous Load  ; 0     ;
; Number of registers using Clock Enable       ; 34    ;
; Number of registers using Preset             ; 0     ;
+----------------------------------------------+-------+


+--------------------------------------------------+
; Inverted Register Statistics                     ;
+----------------------------------------+---------+
; Inverted Register                      ; Fan out ;
+----------------------------------------+---------+
; TJ:inst3|C[7]                          ; 2       ;
; TJ:inst3|A[1]                          ; 2       ;
; TJ:inst3|B[1]                          ; 2       ;
; TJ:inst3|C[1]                          ; 2       ;
; TJ:inst3|A[0]                          ; 2       ;
; TJ:inst3|C[0]                          ; 2       ;
; Total number of inverted registers = 6 ;         ;
+----------------------------------------+---------+


+------------------------------------------------------------------------------------------------------------------------------------------+
; Multiplexer Restructuring Statistics (Restructuring Performed)                                                                           ;
+--------------------+-----------+---------------+----------------------+------------------------+------------+----------------------------+
; Multiplexer Inputs ; Bus Width ; Baseline Area ; Area if Restructured ; Saving if Restructured ; Registered ; Example Multiplexer Output ;
+--------------------+-----------+---------------+----------------------+------------------------+------------+----------------------------+
; 4:1                ; 2 bits    ; 4 LEs         ; 2 LEs                ; 2 LEs                  ; No         ; |cpu|ZLYMQ:inst9|MOVA      ;
; 3:1                ; 8 bits    ; 16 LEs        ; 16 LEs               ; 0 LEs                  ; No         ; |cpu|XZQ:inst2|OUT1[1]~3   ;
; 3:1                ; 8 bits    ; 16 LEs        ; 16 LEs               ; 0 LEs                  ; No         ; |cpu|TJ:inst3|BUSA[7]~16   ;
; 3:1                ; 8 bits    ; 16 LEs        ; 16 LEs               ; 0 LEs                  ; No         ; |cpu|TJ:inst3|BUSB[7]~16   ;
; 9:1                ; 8 bits    ; 48 LEs        ; 48 LEs               ; 0 LEs                  ; No         ; |cpu|ALU:inst19|ZZ[5]~68   ;
+--------------------+-----------+---------------+----------------------+------------------------+------------+----------------------------+


+--------------------------------------------------------------------------------------------------------+
; Source assignments for LPM_RAM_IO:inst|altram:sram|altsyncram:ram_block|altsyncram_c591:auto_generated ;
+---------------------------------+--------------------+------+------------------------------------------+
; Assignment                      ; Value              ; From ; To                                       ;
+---------------------------------+--------------------+------+------------------------------------------+
; OPTIMIZE_POWER_DURING_SYNTHESIS ; NORMAL_COMPILATION ; -    ; -                                        ;
+---------------------------------+--------------------+------+------------------------------------------+


+--------------------------------------------------------------+
; Parameter Settings for User Entity Instance: LPM_RAM_IO:inst ;
+------------------------+--------------+----------------------+
; Parameter Name         ; Value        ; Type                 ;
+------------------------+--------------+----------------------+
; LPM_WIDTH              ; 8            ; Signed Integer       ;
; LPM_WIDTHAD            ; 8            ; Signed Integer       ;
; LPM_NUMWORDS           ; 256          ; Signed Integer       ;
; LPM_INDATA             ; REGISTERED   ; Untyped              ;
; LPM_ADDRESS_CONTROL    ; REGISTERED   ; Untyped              ;
; LPM_OUTDATA            ; UNREGISTERED ; Untyped              ;
; LPM_FILE               ; cpu.mif      ; Untyped              ;
; USE_EAB                ; ON           ; Untyped              ;
; DEVICE_FAMILY          ; Cyclone      ; Untyped              ;
; AUTO_CARRY_CHAINS      ; ON           ; AUTO_CARRY           ;
; IGNORE_CARRY_BUFFERS   ; OFF          ; IGNORE_CARRY         ;
; AUTO_CASCADE_CHAINS    ; ON           ; AUTO_CASCADE         ;
; IGNORE_CASCADE_BUFFERS ; OFF          ; IGNORE_CASCADE       ;
+------------------------+--------------+----------------------+
Note: In order to hide this table in the UI and the text report file, please set the "Show Parameter Settings Tables in Synthesis Report" option in "Analysis and Synthesis Settings -> More Settings" to "Off".


+-------------------------------+
; Analysis & Synthesis Messages ;
+-------------------------------+
Info: *******************************************************************
Info: Running Quartus II Analysis & Synthesis
    Info: Version 9.0 Build 184 04/29/2009 Service Pack 1 SJ Web Edition
    Info: Processing started: Mon Dec 31 01:01:26 2018
Info: Command: quartus_map --read_settings_files=on --write_settings_files=off cpu -c cpu
Info: Found 2 design units, including 1 entities, in source file ../CZSCQ/SCQ.vhd
    Info: Found design unit 1: SCQ-zz
    Info: Found entity 1: SCQ
Info: Found 2 design units, including 1 entities, in source file ../SZCSQ/csq.vhd
    Info: Found design unit 1: csq-zz
    Info: Found entity 1: csq
Info: Found 2 design units, including 1 entities, in source file ../时钟寄存器/CJCQ.vhd
    Info: Found design unit 1: CJCQ-test
    Info: Found entity 1: CJCQ
Info: Found 2 design units, including 1 entities, in source file ../控制器/KZQ.vhd
    Info: Found design unit 1: KZQ-tt
    Info: Found entity 1: KZQ
Info: Found 2 design units, including 1 entities, in source file ../指令译码器/ZLYMQ.vhd
    Info: Found design unit 1: ZLYMQ-one
    Info: Found entity 1: ZLYMQ
Info: Found 2 design units, including 1 entities, in source file ../指令寄存器/ZLJCQ.vhd
    Info: Found design unit 1: ZLJCQ-test
    Info: Found entity 1: ZLJCQ
Info: Found 2 design units, including 1 entities, in source file ../指令计数器/JSQ.vhd
    Info: Found design unit 1: JSQ-test
    Info: Found entity 1: JSQ
Info: Found 2 design units, including 1 entities, in source file ../选择器/XZQ.vhd
    Info: Found design unit 1: XZQ-test
    Info: Found entity 1: XZQ
Info: Found 2 design units, including 1 entities, in source file ../通用寄存器/TJ.vhd
    Info: Found design unit 1: TJ-test
    Info: Found entity 1: TJ
Info: Found 2 design units, including 1 entities, in source file ../ALU/ALU.vhd
    Info: Found design unit 1: ALU-tt
    Info: Found entity 1: ALU
Info: Found 1 design units, including 1 entities, in source file ../指令译码器/cpu.bdf
    Info: Found entity 1: cpu
Info: Elaborating entity "cpu" for the top level hierarchy
Warning: Block or symbol "ALU" of instance "inst19" overlaps another block or symbol
Warning: Block or symbol "TJ" of instance "inst3" overlaps another block or symbol
Warning: Block or symbol "ZLYMQ" of instance "inst9" overlaps another block or symbol
Info: Elaborating entity "csq" for hierarchy "csq:inst14"
Info: Elaborating entity "CJCQ" for hierarchy "CJCQ:inst16"
Info: Elaborating entity "KZQ" for hierarchy "KZQ:inst13"
Info (10041): Inferred latch for "MADD[0]" at KZQ.vhd(34)
Info (10041): Inferred latch for "MADD[1]" at KZQ.vhd(34)
Info: Elaborating entity "ZLYMQ" for hierarchy "ZLYMQ:inst9"
Info: Elaborating entity "ZLJCQ" for hierarchy "ZLJCQ:inst5"
Info: Elaborating entity "ALU" for hierarchy "ALU:inst19"
Warning (10492): VHDL Process Statement warning at ALU.vhd(18): signal "M" is read inside the Process Statement but isn't in the Process Statement's sensitivity list
Warning (10492): VHDL Process Statement warning at ALU.vhd(26): signal "IN0" is read inside the Process Statement but isn't in the Process Statement's sensitivity list
Warning (10492): VHDL Process Statement warning at ALU.vhd(33): signal "FRBUS" is read inside the Process Statement but isn't in the Process Statement's sensitivity list
Warning (10492): VHDL Process Statement warning at ALU.vhd(36): signal "FLBUS" is read inside the Process Statement but isn't in the Process Statement's sensitivity list
Warning (10492): VHDL Process Statement warning at ALU.vhd(53): signal "ZZ" is read inside the Process Statement but isn't in the Process Statement's sensitivity list
Warning (10631): VHDL Process Statement warning at ALU.vhd(16): inferring latch(es) for signal or variable "ZZ", which holds its previous value in one or more paths through the process
Info (10041): Inferred latch for "ZZ[0]" at ALU.vhd(16)
Info (10041): Inferred latch for "ZZ[1]" at ALU.vhd(16)
Info (10041): Inferred latch for "ZZ[2]" at ALU.vhd(16)
Info (10041): Inferred latch for "ZZ[3]" at ALU.vhd(16)
Info (10041): Inferred latch for "ZZ[4]" at ALU.vhd(16)
Info (10041): Inferred latch for "ZZ[5]" at ALU.vhd(16)
Info (10041): Inferred latch for "ZZ[6]" at ALU.vhd(16)
Info (10041): Inferred latch for "ZZ[7]" at ALU.vhd(16)
Info (10041): Inferred latch for "ZZ[8]" at ALU.vhd(16)
Info: Elaborating entity "TJ" for hierarchy "TJ:inst3"
Info (10041): Inferred latch for "BUSB[0]" at TJ.vhd(36)
Info (10041): Inferred latch for "BUSB[1]" at TJ.vhd(36)
Info (10041): Inferred latch for "BUSB[2]" at TJ.vhd(36)
Info (10041): Inferred latch for "BUSB[3]" at TJ.vhd(36)
Info (10041): Inferred latch for "BUSB[4]" at TJ.vhd(36)
Info (10041): Inferred latch for "BUSB[5]" at TJ.vhd(36)
Info (10041): Inferred latch for "BUSB[6]" at TJ.vhd(36)
Info (10041): Inferred latch for "BUSB[7]" at TJ.vhd(36)
Info (10041): Inferred latch for "BUSA[0]" at TJ.vhd(33)
Info (10041): Inferred latch for "BUSA[1]" at TJ.vhd(33)
Info (10041): Inferred latch for "BUSA[2]" at TJ.vhd(33)
Info (10041): Inferred latch for "BUSA[3]" at TJ.vhd(33)
Info (10041): Inferred latch for "BUSA[4]" at TJ.vhd(33)
Info (10041): Inferred latch for "BUSA[5]" at TJ.vhd(33)
Info (10041): Inferred latch for "BUSA[6]" at TJ.vhd(33)
Info (10041): Inferred latch for "BUSA[7]" at TJ.vhd(33)
Info: Elaborating entity "LPM_RAM_IO" for hierarchy "LPM_RAM_IO:inst"
Info: Elaborated megafunction instantiation "LPM_RAM_IO:inst"
Info: Instantiated megafunction "LPM_RAM_IO:inst" with the following parameter:
    Info: Parameter "LPM_ADDRESS_CONTROL" = "REGISTERED"
    Info: Parameter "LPM_FILE" = "cpu.mif"
    Info: Parameter "LPM_INDATA" = "REGISTERED"
    Info: Parameter "LPM_NUMWORDS" = "256"
    Info: Parameter "LPM_OUTDATA" = "UNREGISTERED"
    Info: Parameter "LPM_WIDTH" = "8"
    Info: Parameter "LPM_WIDTHAD" = "8"
Info: Elaborating entity "altram" for hierarchy "LPM_RAM_IO:inst|altram:sram"
Warning: Assertion warning: altram does not support Cyclone device family -- attempting best-case memory conversions, but power-up states and read during write behavior will be different for Cyclone devices
Info: Elaborated megafunction instantiation "LPM_RAM_IO:inst|altram:sram", which is child of megafunction instantiation "LPM_RAM_IO:inst"
Info: Elaborating entity "altsyncram" for hierarchy "LPM_RAM_IO:inst|altram:sram|altsyncram:ram_block"
Info: Elaborated megafunction instantiation "LPM_RAM_IO:inst|altram:sram|altsyncram:ram_block", which is child of megafunction instantiation "LPM_RAM_IO:inst"
Info: Found 1 design units, including 1 entities, in source file db/altsyncram_c591.tdf
    Info: Found entity 1: altsyncram_c591
Info: Elaborating entity "altsyncram_c591" for hierarchy "LPM_RAM_IO:inst|altram:sram|altsyncram:ram_block|altsyncram_c591:auto_generated"
Info: Elaborating entity "XZQ" for hierarchy "XZQ:inst2"
Warning (10492): VHDL Process Statement warning at XZQ.vhd(15): signal "A" is read inside the Process Statement but isn't in the Process Statement's sensitivity list
Warning (10492): VHDL Process Statement warning at XZQ.vhd(17): signal "B" is read inside the Process Statement but isn't in the Process Statement's sensitivity list
Warning (10492): VHDL Process Statement warning at XZQ.vhd(19): signal "C" is read inside the Process Statement but isn't in the Process Statement's sensitivity list
Warning (10631): VHDL Process Statement warning at XZQ.vhd(12): inferring latch(es) for signal or variable "OUT1", which holds its previous value in one or more paths through the process
Info (10041): Inferred latch for "OUT1[0]" at XZQ.vhd(12)
Info (10041): Inferred latch for "OUT1[1]" at XZQ.vhd(12)
Info (10041): Inferred latch for "OUT1[2]" at XZQ.vhd(12)
Info (10041): Inferred latch for "OUT1[3]" at XZQ.vhd(12)
Info (10041): Inferred latch for "OUT1[4]" at XZQ.vhd(12)
Info (10041): Inferred latch for "OUT1[5]" at XZQ.vhd(12)
Info (10041): Inferred latch for "OUT1[6]" at XZQ.vhd(12)
Info (10041): Inferred latch for "OUT1[7]" at XZQ.vhd(12)
Info: Elaborating entity "JSQ" for hierarchy "JSQ:inst1"
Info: Elaborating entity "SCQ" for hierarchy "SCQ:inst4"
Warning (10492): VHDL Process Statement warning at SCQ.vhd(13): signal "clk" is read inside the Process Statement but isn't in the Process Statement's sensitivity list
Warning: Tri-state node(s) do not directly drive top-level pin(s)
    Warning: Converted tri-state buffer "inst8" feeding internal logic into a wire
Warning: LATCH primitive "TJ:inst3|BUSB[0]" is permanently enabled
Warning: LATCH primitive "TJ:inst3|BUSB[1]" is permanently enabled
Warning: LATCH primitive "TJ:inst3|BUSB[2]" is permanently enabled
Warning: LATCH primitive "TJ:inst3|BUSB[3]" is permanently enabled
Warning: LATCH primitive "TJ:inst3|BUSB[4]" is permanently enabled
Warning: LATCH primitive "TJ:inst3|BUSB[5]" is permanently enabled
Warning: LATCH primitive "TJ:inst3|BUSB[6]" is permanently enabled
Warning: LATCH primitive "TJ:inst3|BUSB[7]" is permanently enabled
Warning: LATCH primitive "TJ:inst3|BUSA[0]" is permanently enabled
Warning: LATCH primitive "TJ:inst3|BUSA[1]" is permanently enabled
Warning: LATCH primitive "TJ:inst3|BUSA[2]" is permanently enabled
Warning: LATCH primitive "TJ:inst3|BUSA[3]" is permanently enabled
Warning: LATCH primitive "TJ:inst3|BUSA[4]" is permanently enabled
Warning: LATCH primitive "TJ:inst3|BUSA[5]" is permanently enabled
Warning: LATCH primitive "TJ:inst3|BUSA[6]" is permanently enabled
Warning: LATCH primitive "TJ:inst3|BUSA[7]" is permanently enabled
Warning: Tri-state node(s) do not directly drive top-level pin(s)
    Warning: Converted the fan-out from the tri-state buffer "ALU:inst19|Q[7]" to the node "ALU:inst19|Equal7" into an OR gate
    Warning: Converted the fan-out from the tri-state buffer "ALU:inst19|Q[6]" to the node "ALU:inst19|Equal7" into an OR gate
    Warning: Converted the fan-out from the tri-state buffer "ALU:inst19|Q[5]" to the node "ALU:inst19|Equal7" into an OR gate
    Warning: Converted the fan-out from the tri-state buffer "ALU:inst19|Q[4]" to the node "ALU:inst19|Equal7" into an OR gate
    Warning: Converted the fan-out from the tri-state buffer "ALU:inst19|Q[3]" to the node "ALU:inst19|Equal7" into an OR gate
    Warning: Converted the fan-out from the tri-state buffer "ALU:inst19|Q[2]" to the node "ALU:inst19|Equal7" into an OR gate
    Warning: Converted the fan-out from the tri-state buffer "ALU:inst19|Q[1]" to the node "ALU:inst19|Equal7" into an OR gate
    Warning: Converted the fan-out from the tri-state buffer "ALU:inst19|Q[0]" to the node "ALU:inst19|Equal7" into an OR gate
Warning: Tri-state node(s) do not directly drive top-level pin(s)
    Warning: Converted the fan-out from the tri-state buffer "lpm_ram_io:inst|datatri[7]" to the node "lpm_ram_io:inst|altram:sram|altsyncram:ram_block|altsyncram_c591:auto_generated|q_a[7]" into an OR gate
    Warning: Converted the fan-out from the tri-state buffer "lpm_ram_io:inst|datatri[6]" to the node "lpm_ram_io:inst|altram:sram|altsyncram:ram_block|altsyncram_c591:auto_generated|q_a[6]" into an OR gate
    Warning: Converted the fan-out from the tri-state buffer "lpm_ram_io:inst|datatri[5]" to the node "lpm_ram_io:inst|altram:sram|altsyncram:ram_block|altsyncram_c591:auto_generated|q_a[5]" into an OR gate
    Warning: Converted the fan-out from the tri-state buffer "lpm_ram_io:inst|datatri[4]" to the node "lpm_ram_io:inst|altram:sram|altsyncram:ram_block|altsyncram_c591:auto_generated|q_a[4]" into an OR gate
    Warning: Converted the fan-out from the tri-state buffer "lpm_ram_io:inst|datatri[3]" to the node "lpm_ram_io:inst|altram:sram|altsyncram:ram_block|altsyncram_c591:auto_generated|q_a[3]" into an OR gate
    Warning: Converted the fan-out from the tri-state buffer "lpm_ram_io:inst|datatri[2]" to the node "lpm_ram_io:inst|altram:sram|altsyncram:ram_block|altsyncram_c591:auto_generated|q_a[2]" into an OR gate
    Warning: Converted the fan-out from the tri-state buffer "lpm_ram_io:inst|datatri[1]" to the node "lpm_ram_io:inst|altram:sram|altsyncram:ram_block|altsyncram_c591:auto_generated|q_a[1]" into an OR gate
    Warning: Converted the fan-out from the tri-state buffer "lpm_ram_io:inst|datatri[0]" to the node "lpm_ram_io:inst|altram:sram|altsyncram:ram_block|altsyncram_c591:auto_generated|q_a[0]" into an OR gate
Warning: Latch XZQ:inst2|OUT1[7] has unsafe behavior
    Warning: Ports D and ENA on the latch are fed by the same signal KZQ:inst13|MADD[1]
Warning: Latch XZQ:inst2|OUT1[6] has unsafe behavior
    Warning: Ports D and ENA on the latch are fed by the same signal KZQ:inst13|MADD[1]
Warning: Latch XZQ:inst2|OUT1[5] has unsafe behavior
    Warning: Ports D and ENA on the latch are fed by the same signal KZQ:inst13|MADD[1]
Warning: Latch XZQ:inst2|OUT1[4] has unsafe behavior
    Warning: Ports D and ENA on the latch are fed by the same signal KZQ:inst13|MADD[1]
Warning: Latch XZQ:inst2|OUT1[3] has unsafe behavior
    Warning: Ports D and ENA on the latch are fed by the same signal KZQ:inst13|MADD[1]
Warning: Latch XZQ:inst2|OUT1[2] has unsafe behavior
    Warning: Ports D and ENA on the latch are fed by the same signal KZQ:inst13|MADD[1]
Warning: Latch XZQ:inst2|OUT1[1] has unsafe behavior
    Warning: Ports D and ENA on the latch are fed by the same signal KZQ:inst13|MADD[1]
Warning: Latch XZQ:inst2|OUT1[0] has unsafe behavior
    Warning: Ports D and ENA on the latch are fed by the same signal KZQ:inst13|MADD[1]
Warning: Latch ALU:inst19|ZZ[7] has unsafe behavior
    Warning: Ports D and ENA on the latch are fed by the same signal csq:inst12|Q1
Warning: Latch ALU:inst19|ZZ[0]_264 has unsafe behavior
    Warning: Ports D and ENA on the latch are fed by the same signal KZQ:inst13|FBUS
Warning: Latch ALU:inst19|ZZ[6] has unsafe behavior
    Warning: Ports D and ENA on the latch are fed by the same signal csq:inst12|Q1
Warning: Latch ALU:inst19|ZZ[5] has unsafe behavior
    Warning: Ports D and ENA on the latch are fed by the same signal csq:inst12|Q1
Warning: Latch ALU:inst19|ZZ[4] has unsafe behavior
    Warning: Ports D and ENA on the latch are fed by the same signal csq:inst12|Q1
Warning: Latch ALU:inst19|ZZ[3] has unsafe behavior
    Warning: Ports D and ENA on the latch are fed by the same signal csq:inst12|Q1
Warning: Latch ALU:inst19|ZZ[2] has unsafe behavior
    Warning: Ports D and ENA on the latch are fed by the same signal csq:inst12|Q1
Warning: Latch ALU:inst19|ZZ[1] has unsafe behavior
    Warning: Ports D and ENA on the latch are fed by the same signal csq:inst12|Q1
Warning: Latch ALU:inst19|ZZ[0] has unsafe behavior
    Warning: Ports D and ENA on the latch are fed by the same signal csq:inst12|Q1
Warning: Latch ALU:inst19|ZZ[8] has unsafe behavior
    Warning: Ports D and ENA on the latch are fed by the same signal KZQ:inst13|FBUS
Info: Registers with preset signals will power-up high
Info: Implemented 309 device resources after synthesis - the final resource count might be different
    Info: Implemented 10 input pins
    Info: Implemented 50 output pins
    Info: Implemented 241 logic cells
    Info: Implemented 8 RAM segments
Info: Quartus II Analysis & Synthesis was successful. 0 errors, 87 warnings
    Info: Peak virtual memory: 278 megabytes
    Info: Processing ended: Mon Dec 31 01:01:33 2018
    Info: Elapsed time: 00:00:07
    Info: Total CPU time (on all processors): 00:00:06


