Classic Timing Analyzer report for ZLJCQ
Tue Jan 02 20:19:30 2018
Quartus II Version 9.0 Build 184 04/29/2009 Service Pack 1 SJ Web Edition


---------------------
; Table of Contents ;
---------------------
  1. Legal Notice
  2. Timing Analyzer Summary
  3. Timing Analyzer Settings
  4. Clock Settings Summary
  5. Parallel Compilation
  6. tsu
  7. tco
  8. th
  9. Timing Analyzer Messages



----------------
; Legal Notice ;
----------------
Copyright (C) 1991-2009 Altera Corporation
Your use of Altera Corporation's design tools, logic functions 
and other software and tools, and its AMPP partner logic 
functions, and any output files from any of the foregoing 
(including device programming or simulation files), and any 
associated documentation or information are expressly subject 
to the terms and conditions of the Altera Program License 
Subscription Agreement, Altera MegaCore Function License 
Agreement, or other applicable license agreement, including, 
without limitation, that your use is for the sole purpose of 
programming logic devices manufactured by Altera and sold by 
Altera or its authorized distributors.  Please refer to the 
applicable agreement for further details.



+-------------------------------------------------------------------------------------------------------------------------------+
; Timing Analyzer Summary                                                                                                       ;
+------------------------------+-------+---------------+-------------+-----------+-------+------------+----------+--------------+
; Type                         ; Slack ; Required Time ; Actual Time ; From      ; To    ; From Clock ; To Clock ; Failed Paths ;
+------------------------------+-------+---------------+-------------+-----------+-------+------------+----------+--------------+
; Worst-case tsu               ; N/A   ; None          ; 4.245 ns    ; LDIR      ; Q[0]  ; --         ; clk      ; 0            ;
; Worst-case tco               ; N/A   ; None          ; 7.770 ns    ; Q[2]      ; RWBA0 ; clk        ; --       ; 0            ;
; Worst-case th                ; N/A   ; None          ; 0.393 ns    ; BUScin[1] ; Q[1]  ; --         ; clk      ; 0            ;
; Total number of failed paths ;       ;               ;             ;           ;       ;            ;          ; 0            ;
+------------------------------+-------+---------------+-------------+-----------+-------+------------+----------+--------------+


+--------------------------------------------------------------------------------------------------------------------+
; Timing Analyzer Settings                                                                                           ;
+---------------------------------------------------------------------+--------------------+------+----+-------------+
; Option                                                              ; Setting            ; From ; To ; Entity Name ;
+---------------------------------------------------------------------+--------------------+------+----+-------------+
; Device Name                                                         ; EP2C5T144C6        ;      ;    ;             ;
; Timing Models                                                       ; Final              ;      ;    ;             ;
; Default hold multicycle                                             ; Same as Multicycle ;      ;    ;             ;
; Cut paths between unrelated clock domains                           ; On                 ;      ;    ;             ;
; Cut off read during write signal paths                              ; On                 ;      ;    ;             ;
; Cut off feedback from I/O pins                                      ; On                 ;      ;    ;             ;
; Report Combined Fast/Slow Timing                                    ; Off                ;      ;    ;             ;
; Ignore Clock Settings                                               ; Off                ;      ;    ;             ;
; Analyze latches as synchronous elements                             ; On                 ;      ;    ;             ;
; Enable Recovery/Removal analysis                                    ; Off                ;      ;    ;             ;
; Enable Clock Latency                                                ; Off                ;      ;    ;             ;
; Use TimeQuest Timing Analyzer                                       ; Off                ;      ;    ;             ;
; Number of source nodes to report per destination node               ; 10                 ;      ;    ;             ;
; Number of destination nodes to report                               ; 10                 ;      ;    ;             ;
; Number of paths to report                                           ; 200                ;      ;    ;             ;
; Report Minimum Timing Checks                                        ; Off                ;      ;    ;             ;
; Use Fast Timing Models                                              ; Off                ;      ;    ;             ;
; Report IO Paths Separately                                          ; Off                ;      ;    ;             ;
; Perform Multicorner Analysis                                        ; On                 ;      ;    ;             ;
; Reports the worst-case path for each clock domain and analysis      ; Off                ;      ;    ;             ;
; Removes common clock path pessimism (CCPP) during slack computation ; Off                ;      ;    ;             ;
; Output I/O Timing Endpoint                                          ; Near End           ;      ;    ;             ;
+---------------------------------------------------------------------+--------------------+------+----+-------------+


+------------------------------------------------------------------------------------------------------------------------------------------------------------------------------------+
; Clock Settings Summary                                                                                                                                                             ;
+-----------------+--------------------+----------+------------------+---------------+--------------+----------+-----------------------+---------------------+--------+--------------+
; Clock Node Name ; Clock Setting Name ; Type     ; Fmax Requirement ; Early Latency ; Late Latency ; Based on ; Multiply Base Fmax by ; Divide Base Fmax by ; Offset ; Phase offset ;
+-----------------+--------------------+----------+------------------+---------------+--------------+----------+-----------------------+---------------------+--------+--------------+
; clk             ;                    ; User Pin ; None             ; 0.000 ns      ; 0.000 ns     ; --       ; N/A                   ; N/A                 ; N/A    ;              ;
+-----------------+--------------------+----------+------------------+---------------+--------------+----------+-----------------------+---------------------+--------+--------------+


Parallel compilation was disabled, but you have multiple processors available. Enable parallel compilation to reduce compilation time.
+-------------------------------------+
; Parallel Compilation                ;
+----------------------------+--------+
; Processors                 ; Number ;
+----------------------------+--------+
; Number detected on machine ; 4      ;
; Maximum allowed            ; 1      ;
+----------------------------+--------+


+-----------------------------------------------------------------+
; tsu                                                             ;
+-------+--------------+------------+-----------+------+----------+
; Slack ; Required tsu ; Actual tsu ; From      ; To   ; To Clock ;
+-------+--------------+------------+-----------+------+----------+
; N/A   ; None         ; 4.245 ns   ; LDIR      ; Q[4] ; clk      ;
; N/A   ; None         ; 4.245 ns   ; LDIR      ; Q[5] ; clk      ;
; N/A   ; None         ; 4.245 ns   ; LDIR      ; Q[6] ; clk      ;
; N/A   ; None         ; 4.245 ns   ; LDIR      ; Q[7] ; clk      ;
; N/A   ; None         ; 4.245 ns   ; LDIR      ; Q[3] ; clk      ;
; N/A   ; None         ; 4.245 ns   ; LDIR      ; Q[2] ; clk      ;
; N/A   ; None         ; 4.245 ns   ; LDIR      ; Q[1] ; clk      ;
; N/A   ; None         ; 4.245 ns   ; LDIR      ; Q[0] ; clk      ;
; N/A   ; None         ; 3.977 ns   ; BUScin[3] ; Q[3] ; clk      ;
; N/A   ; None         ; 3.976 ns   ; BUScin[5] ; Q[5] ; clk      ;
; N/A   ; None         ; 3.930 ns   ; BUScin[4] ; Q[4] ; clk      ;
; N/A   ; None         ; 3.817 ns   ; BUScin[6] ; Q[6] ; clk      ;
; N/A   ; None         ; 3.791 ns   ; BUScin[2] ; Q[2] ; clk      ;
; N/A   ; None         ; 3.774 ns   ; BUScin[7] ; Q[7] ; clk      ;
; N/A   ; None         ; -0.023 ns  ; BUScin[0] ; Q[0] ; clk      ;
; N/A   ; None         ; -0.163 ns  ; BUScin[1] ; Q[1] ; clk      ;
+-------+--------------+------------+-----------+------+----------+


+---------------------------------------------------------------+
; tco                                                           ;
+-------+--------------+------------+------+-------+------------+
; Slack ; Required tco ; Actual tco ; From ; To    ; From Clock ;
+-------+--------------+------------+------+-------+------------+
; N/A   ; None         ; 7.770 ns   ; Q[2] ; RWBA0 ; clk        ;
; N/A   ; None         ; 7.463 ns   ; Q[3] ; RWBA1 ; clk        ;
; N/A   ; None         ; 7.418 ns   ; Q[6] ; S[2]  ; clk        ;
; N/A   ; None         ; 7.160 ns   ; Q[1] ; RAA1  ; clk        ;
; N/A   ; None         ; 6.897 ns   ; Q[7] ; S[3]  ; clk        ;
; N/A   ; None         ; 6.573 ns   ; Q[5] ; S[1]  ; clk        ;
; N/A   ; None         ; 6.339 ns   ; Q[0] ; RAA0  ; clk        ;
; N/A   ; None         ; 6.114 ns   ; Q[4] ; S[0]  ; clk        ;
+-------+--------------+------------+------+-------+------------+


+-----------------------------------------------------------------------+
; th                                                                    ;
+---------------+-------------+-----------+-----------+------+----------+
; Minimum Slack ; Required th ; Actual th ; From      ; To   ; To Clock ;
+---------------+-------------+-----------+-----------+------+----------+
; N/A           ; None        ; 0.393 ns  ; BUScin[1] ; Q[1] ; clk      ;
; N/A           ; None        ; 0.253 ns  ; BUScin[0] ; Q[0] ; clk      ;
; N/A           ; None        ; -3.544 ns ; BUScin[7] ; Q[7] ; clk      ;
; N/A           ; None        ; -3.561 ns ; BUScin[2] ; Q[2] ; clk      ;
; N/A           ; None        ; -3.587 ns ; BUScin[6] ; Q[6] ; clk      ;
; N/A           ; None        ; -3.700 ns ; BUScin[4] ; Q[4] ; clk      ;
; N/A           ; None        ; -3.746 ns ; BUScin[5] ; Q[5] ; clk      ;
; N/A           ; None        ; -3.747 ns ; BUScin[3] ; Q[3] ; clk      ;
; N/A           ; None        ; -4.015 ns ; LDIR      ; Q[4] ; clk      ;
; N/A           ; None        ; -4.015 ns ; LDIR      ; Q[5] ; clk      ;
; N/A           ; None        ; -4.015 ns ; LDIR      ; Q[6] ; clk      ;
; N/A           ; None        ; -4.015 ns ; LDIR      ; Q[7] ; clk      ;
; N/A           ; None        ; -4.015 ns ; LDIR      ; Q[3] ; clk      ;
; N/A           ; None        ; -4.015 ns ; LDIR      ; Q[2] ; clk      ;
; N/A           ; None        ; -4.015 ns ; LDIR      ; Q[1] ; clk      ;
; N/A           ; None        ; -4.015 ns ; LDIR      ; Q[0] ; clk      ;
+---------------+-------------+-----------+-----------+------+----------+


+--------------------------+
; Timing Analyzer Messages ;
+--------------------------+
Info: *******************************************************************
Info: Running Quartus II Classic Timing Analyzer
    Info: Version 9.0 Build 184 04/29/2009 Service Pack 1 SJ Web Edition
    Info: Processing started: Tue Jan 02 20:19:30 2018
Info: Command: quartus_tan --read_settings_files=off --write_settings_files=off ZLJCQ -c ZLJCQ --timing_analysis_only
Warning: Found pins functioning as undefined clocks and/or memory enables
    Info: Assuming node "clk" is an undefined clock
Info: No valid register-to-register data paths exist for clock "clk"
Info: tsu for register "Q[4]" (data pin = "LDIR", clock pin = "clk") is 4.245 ns
    Info: + Longest pin to register delay is 6.641 ns
        Info: 1: + IC(0.000 ns) + CELL(0.872 ns) = 0.872 ns; Loc. = PIN_75; Fanout = 8; PIN Node = 'LDIR'
        Info: 2: + IC(5.109 ns) + CELL(0.660 ns) = 6.641 ns; Loc. = LCFF_X22_Y4_N9; Fanout = 1; REG Node = 'Q[4]'
        Info: Total cell delay = 1.532 ns ( 23.07 % )
        Info: Total interconnect delay = 5.109 ns ( 76.93 % )
    Info: + Micro setup delay of destination is -0.036 ns
    Info: - Shortest clock path from clock "clk" to destination register is 2.360 ns
        Info: 1: + IC(0.000 ns) + CELL(0.989 ns) = 0.989 ns; Loc. = PIN_17; Fanout = 1; CLK Node = 'clk'
        Info: 2: + IC(0.122 ns) + CELL(0.000 ns) = 1.111 ns; Loc. = CLKCTRL_G2; Fanout = 8; COMB Node = 'clk~clkctrl'
        Info: 3: + IC(0.712 ns) + CELL(0.537 ns) = 2.360 ns; Loc. = LCFF_X22_Y4_N9; Fanout = 1; REG Node = 'Q[4]'
        Info: Total cell delay = 1.526 ns ( 64.66 % )
        Info: Total interconnect delay = 0.834 ns ( 35.34 % )
Info: tco from clock "clk" to destination pin "RWBA0" through register "Q[2]" is 7.770 ns
    Info: + Longest clock path from clock "clk" to source register is 2.360 ns
        Info: 1: + IC(0.000 ns) + CELL(0.989 ns) = 0.989 ns; Loc. = PIN_17; Fanout = 1; CLK Node = 'clk'
        Info: 2: + IC(0.122 ns) + CELL(0.000 ns) = 1.111 ns; Loc. = CLKCTRL_G2; Fanout = 8; COMB Node = 'clk~clkctrl'
        Info: 3: + IC(0.712 ns) + CELL(0.537 ns) = 2.360 ns; Loc. = LCFF_X22_Y4_N27; Fanout = 1; REG Node = 'Q[2]'
        Info: Total cell delay = 1.526 ns ( 64.66 % )
        Info: Total interconnect delay = 0.834 ns ( 35.34 % )
    Info: + Micro clock to output delay of source is 0.250 ns
    Info: + Longest register to pin delay is 5.160 ns
        Info: 1: + IC(0.000 ns) + CELL(0.000 ns) = 0.000 ns; Loc. = LCFF_X22_Y4_N27; Fanout = 1; REG Node = 'Q[2]'
        Info: 2: + IC(2.518 ns) + CELL(2.642 ns) = 5.160 ns; Loc. = PIN_9; Fanout = 0; PIN Node = 'RWBA0'
        Info: Total cell delay = 2.642 ns ( 51.20 % )
        Info: Total interconnect delay = 2.518 ns ( 48.80 % )
Info: th for register "Q[1]" (data pin = "BUScin[1]", clock pin = "clk") is 0.393 ns
    Info: + Longest clock path from clock "clk" to destination register is 2.360 ns
        Info: 1: + IC(0.000 ns) + CELL(0.989 ns) = 0.989 ns; Loc. = PIN_17; Fanout = 1; CLK Node = 'clk'
        Info: 2: + IC(0.122 ns) + CELL(0.000 ns) = 1.111 ns; Loc. = CLKCTRL_G2; Fanout = 8; COMB Node = 'clk~clkctrl'
        Info: 3: + IC(0.712 ns) + CELL(0.537 ns) = 2.360 ns; Loc. = LCFF_X22_Y4_N21; Fanout = 1; REG Node = 'Q[1]'
        Info: Total cell delay = 1.526 ns ( 64.66 % )
        Info: Total interconnect delay = 0.834 ns ( 35.34 % )
    Info: + Micro hold delay of destination is 0.266 ns
    Info: - Shortest pin to register delay is 2.233 ns
        Info: 1: + IC(0.000 ns) + CELL(0.999 ns) = 0.999 ns; Loc. = PIN_88; Fanout = 1; PIN Node = 'BUScin[1]'
        Info: 2: + IC(1.001 ns) + CELL(0.149 ns) = 2.149 ns; Loc. = LCCOMB_X22_Y4_N20; Fanout = 1; COMB Node = 'Q[1]~feeder'
        Info: 3: + IC(0.000 ns) + CELL(0.084 ns) = 2.233 ns; Loc. = LCFF_X22_Y4_N21; Fanout = 1; REG Node = 'Q[1]'
        Info: Total cell delay = 1.232 ns ( 55.17 % )
        Info: Total interconnect delay = 1.001 ns ( 44.83 % )
Info: Quartus II Classic Timing Analyzer was successful. 0 errors, 1 warning
    Info: Peak virtual memory: 245 megabytes
    Info: Processing ended: Tue Jan 02 20:19:30 2018
    Info: Elapsed time: 00:00:00
    Info: Total CPU time (on all processors): 00:00:00


