Classic Timing Analyzer report for JSQ
Tue Jan 02 16:15:14 2018
Quartus II Version 9.0 Build 184 04/29/2009 Service Pack 1 SJ Web Edition


---------------------
; Table of Contents ;
---------------------
  1. Legal Notice
  2. Timing Analyzer Summary
  3. Timing Analyzer Settings
  4. Clock Settings Summary
  5. Parallel Compilation
  6. Clock Setup: 'clk'
  7. tsu
  8. tco
  9. th
 10. Timing Analyzer Messages



----------------
; Legal Notice ;
----------------
Copyright (C) 1991-2009 Altera Corporation
Your use of Altera Corporation's design tools, logic functions 
and other software and tools, and its AMPP partner logic 
functions, and any output files from any of the foregoing 
(including device programming or simulation files), and any 
associated documentation or information are expressly subject 
to the terms and conditions of the Altera Program License 
Subscription Agreement, Altera MegaCore Function License 
Agreement, or other applicable license agreement, including, 
without limitation, that your use is for the sole purpose of 
programming logic devices manufactured by Altera and sold by 
Altera or its authorized distributors.  Please refer to the 
applicable agreement for further details.



+----------------------------------------------------------------------------------------------------------------------------------------------------------------------+
; Timing Analyzer Summary                                                                                                                                              ;
+------------------------------+-------+---------------+------------------------------------------------+-----------+-----------+------------+----------+--------------+
; Type                         ; Slack ; Required Time ; Actual Time                                    ; From      ; To        ; From Clock ; To Clock ; Failed Paths ;
+------------------------------+-------+---------------+------------------------------------------------+-----------+-----------+------------+----------+--------------+
; Worst-case tsu               ; N/A   ; None          ; 3.100 ns                                       ; BUScin[7] ; Q[7]      ; --         ; clk      ; 0            ;
; Worst-case tco               ; N/A   ; None          ; 7.092 ns                                       ; Q[4]      ; BUSout[4] ; clk        ; --       ; 0            ;
; Worst-case th                ; N/A   ; None          ; -2.235 ns                                      ; BUScin[6] ; Q[6]      ; --         ; clk      ; 0            ;
; Clock Setup: 'clk'           ; N/A   ; None          ; Restricted to 500.00 MHz ( period = 2.000 ns ) ; Q[0]      ; Q[7]      ; clk        ; clk      ; 0            ;
; Total number of failed paths ;       ;               ;                                                ;           ;           ;            ;          ; 0            ;
+------------------------------+-------+---------------+------------------------------------------------+-----------+-----------+------------+----------+--------------+


+--------------------------------------------------------------------------------------------------------------------+
; Timing Analyzer Settings                                                                                           ;
+---------------------------------------------------------------------+--------------------+------+----+-------------+
; Option                                                              ; Setting            ; From ; To ; Entity Name ;
+---------------------------------------------------------------------+--------------------+------+----+-------------+
; Device Name                                                         ; EP2S15F484C3       ;      ;    ;             ;
; Timing Models                                                       ; Final              ;      ;    ;             ;
; Default hold multicycle                                             ; Same as Multicycle ;      ;    ;             ;
; Cut paths between unrelated clock domains                           ; On                 ;      ;    ;             ;
; Cut off read during write signal paths                              ; On                 ;      ;    ;             ;
; Cut off feedback from I/O pins                                      ; On                 ;      ;    ;             ;
; Report Combined Fast/Slow Timing                                    ; Off                ;      ;    ;             ;
; Ignore Clock Settings                                               ; Off                ;      ;    ;             ;
; Analyze latches as synchronous elements                             ; On                 ;      ;    ;             ;
; Enable Recovery/Removal analysis                                    ; Off                ;      ;    ;             ;
; Enable Clock Latency                                                ; Off                ;      ;    ;             ;
; Use TimeQuest Timing Analyzer                                       ; Off                ;      ;    ;             ;
; Number of source nodes to report per destination node               ; 10                 ;      ;    ;             ;
; Number of destination nodes to report                               ; 10                 ;      ;    ;             ;
; Number of paths to report                                           ; 200                ;      ;    ;             ;
; Report Minimum Timing Checks                                        ; Off                ;      ;    ;             ;
; Use Fast Timing Models                                              ; Off                ;      ;    ;             ;
; Report IO Paths Separately                                          ; Off                ;      ;    ;             ;
; Perform Multicorner Analysis                                        ; On                 ;      ;    ;             ;
; Reports the worst-case path for each clock domain and analysis      ; Off                ;      ;    ;             ;
; Removes common clock path pessimism (CCPP) during slack computation ; Off                ;      ;    ;             ;
; Output I/O Timing Endpoint                                          ; Near End           ;      ;    ;             ;
+---------------------------------------------------------------------+--------------------+------+----+-------------+


+------------------------------------------------------------------------------------------------------------------------------------------------------------------------------------+
; Clock Settings Summary                                                                                                                                                             ;
+-----------------+--------------------+----------+------------------+---------------+--------------+----------+-----------------------+---------------------+--------+--------------+
; Clock Node Name ; Clock Setting Name ; Type     ; Fmax Requirement ; Early Latency ; Late Latency ; Based on ; Multiply Base Fmax by ; Divide Base Fmax by ; Offset ; Phase offset ;
+-----------------+--------------------+----------+------------------+---------------+--------------+----------+-----------------------+---------------------+--------+--------------+
; clk             ;                    ; User Pin ; None             ; 0.000 ns      ; 0.000 ns     ; --       ; N/A                   ; N/A                 ; N/A    ;              ;
+-----------------+--------------------+----------+------------------+---------------+--------------+----------+-----------------------+---------------------+--------+--------------+


Parallel compilation was disabled, but you have multiple processors available. Enable parallel compilation to reduce compilation time.
+-------------------------------------+
; Parallel Compilation                ;
+----------------------------+--------+
; Processors                 ; Number ;
+----------------------------+--------+
; Number detected on machine ; 4      ;
; Maximum allowed            ; 1      ;
+----------------------------+--------+


+----------------------------------------------------------------------------------------------------------------------------------------------------------------------------------+
; Clock Setup: 'clk'                                                                                                                                                               ;
+-------+------------------------------------------------+------+------+------------+----------+-----------------------------+---------------------------+-------------------------+
; Slack ; Actual fmax (period)                           ; From ; To   ; From Clock ; To Clock ; Required Setup Relationship ; Required Longest P2P Time ; Actual Longest P2P Time ;
+-------+------------------------------------------------+------+------+------------+----------+-----------------------------+---------------------------+-------------------------+
; N/A   ; Restricted to 500.00 MHz ( period = 2.000 ns ) ; Q[0] ; Q[7] ; clk        ; clk      ; None                        ; None                      ; 0.890 ns                ;
; N/A   ; Restricted to 500.00 MHz ( period = 2.000 ns ) ; Q[0] ; Q[6] ; clk        ; clk      ; None                        ; None                      ; 0.855 ns                ;
; N/A   ; Restricted to 500.00 MHz ( period = 2.000 ns ) ; Q[1] ; Q[7] ; clk        ; clk      ; None                        ; None                      ; 0.855 ns                ;
; N/A   ; Restricted to 500.00 MHz ( period = 2.000 ns ) ; Q[0] ; Q[5] ; clk        ; clk      ; None                        ; None                      ; 0.820 ns                ;
; N/A   ; Restricted to 500.00 MHz ( period = 2.000 ns ) ; Q[1] ; Q[6] ; clk        ; clk      ; None                        ; None                      ; 0.820 ns                ;
; N/A   ; Restricted to 500.00 MHz ( period = 2.000 ns ) ; Q[2] ; Q[7] ; clk        ; clk      ; None                        ; None                      ; 0.820 ns                ;
; N/A   ; Restricted to 500.00 MHz ( period = 2.000 ns ) ; Q[0] ; Q[4] ; clk        ; clk      ; None                        ; None                      ; 0.785 ns                ;
; N/A   ; Restricted to 500.00 MHz ( period = 2.000 ns ) ; Q[1] ; Q[5] ; clk        ; clk      ; None                        ; None                      ; 0.785 ns                ;
; N/A   ; Restricted to 500.00 MHz ( period = 2.000 ns ) ; Q[2] ; Q[6] ; clk        ; clk      ; None                        ; None                      ; 0.785 ns                ;
; N/A   ; Restricted to 500.00 MHz ( period = 2.000 ns ) ; Q[3] ; Q[7] ; clk        ; clk      ; None                        ; None                      ; 0.785 ns                ;
; N/A   ; Restricted to 500.00 MHz ( period = 2.000 ns ) ; Q[0] ; Q[3] ; clk        ; clk      ; None                        ; None                      ; 0.750 ns                ;
; N/A   ; Restricted to 500.00 MHz ( period = 2.000 ns ) ; Q[1] ; Q[4] ; clk        ; clk      ; None                        ; None                      ; 0.750 ns                ;
; N/A   ; Restricted to 500.00 MHz ( period = 2.000 ns ) ; Q[2] ; Q[5] ; clk        ; clk      ; None                        ; None                      ; 0.750 ns                ;
; N/A   ; Restricted to 500.00 MHz ( period = 2.000 ns ) ; Q[3] ; Q[6] ; clk        ; clk      ; None                        ; None                      ; 0.750 ns                ;
; N/A   ; Restricted to 500.00 MHz ( period = 2.000 ns ) ; Q[4] ; Q[7] ; clk        ; clk      ; None                        ; None                      ; 0.750 ns                ;
; N/A   ; Restricted to 500.00 MHz ( period = 2.000 ns ) ; Q[0] ; Q[2] ; clk        ; clk      ; None                        ; None                      ; 0.715 ns                ;
; N/A   ; Restricted to 500.00 MHz ( period = 2.000 ns ) ; Q[1] ; Q[3] ; clk        ; clk      ; None                        ; None                      ; 0.715 ns                ;
; N/A   ; Restricted to 500.00 MHz ( period = 2.000 ns ) ; Q[2] ; Q[4] ; clk        ; clk      ; None                        ; None                      ; 0.715 ns                ;
; N/A   ; Restricted to 500.00 MHz ( period = 2.000 ns ) ; Q[3] ; Q[5] ; clk        ; clk      ; None                        ; None                      ; 0.715 ns                ;
; N/A   ; Restricted to 500.00 MHz ( period = 2.000 ns ) ; Q[4] ; Q[6] ; clk        ; clk      ; None                        ; None                      ; 0.715 ns                ;
; N/A   ; Restricted to 500.00 MHz ( period = 2.000 ns ) ; Q[5] ; Q[7] ; clk        ; clk      ; None                        ; None                      ; 0.715 ns                ;
; N/A   ; Restricted to 500.00 MHz ( period = 2.000 ns ) ; Q[0] ; Q[1] ; clk        ; clk      ; None                        ; None                      ; 0.680 ns                ;
; N/A   ; Restricted to 500.00 MHz ( period = 2.000 ns ) ; Q[1] ; Q[2] ; clk        ; clk      ; None                        ; None                      ; 0.680 ns                ;
; N/A   ; Restricted to 500.00 MHz ( period = 2.000 ns ) ; Q[2] ; Q[3] ; clk        ; clk      ; None                        ; None                      ; 0.680 ns                ;
; N/A   ; Restricted to 500.00 MHz ( period = 2.000 ns ) ; Q[3] ; Q[4] ; clk        ; clk      ; None                        ; None                      ; 0.680 ns                ;
; N/A   ; Restricted to 500.00 MHz ( period = 2.000 ns ) ; Q[4] ; Q[5] ; clk        ; clk      ; None                        ; None                      ; 0.680 ns                ;
; N/A   ; Restricted to 500.00 MHz ( period = 2.000 ns ) ; Q[5] ; Q[6] ; clk        ; clk      ; None                        ; None                      ; 0.680 ns                ;
; N/A   ; Restricted to 500.00 MHz ( period = 2.000 ns ) ; Q[6] ; Q[7] ; clk        ; clk      ; None                        ; None                      ; 0.680 ns                ;
; N/A   ; Restricted to 500.00 MHz ( period = 2.000 ns ) ; Q[0] ; Q[0] ; clk        ; clk      ; None                        ; None                      ; 0.609 ns                ;
; N/A   ; Restricted to 500.00 MHz ( period = 2.000 ns ) ; Q[1] ; Q[1] ; clk        ; clk      ; None                        ; None                      ; 0.609 ns                ;
; N/A   ; Restricted to 500.00 MHz ( period = 2.000 ns ) ; Q[2] ; Q[2] ; clk        ; clk      ; None                        ; None                      ; 0.609 ns                ;
; N/A   ; Restricted to 500.00 MHz ( period = 2.000 ns ) ; Q[3] ; Q[3] ; clk        ; clk      ; None                        ; None                      ; 0.609 ns                ;
; N/A   ; Restricted to 500.00 MHz ( period = 2.000 ns ) ; Q[4] ; Q[4] ; clk        ; clk      ; None                        ; None                      ; 0.609 ns                ;
; N/A   ; Restricted to 500.00 MHz ( period = 2.000 ns ) ; Q[5] ; Q[5] ; clk        ; clk      ; None                        ; None                      ; 0.609 ns                ;
; N/A   ; Restricted to 500.00 MHz ( period = 2.000 ns ) ; Q[6] ; Q[6] ; clk        ; clk      ; None                        ; None                      ; 0.609 ns                ;
; N/A   ; Restricted to 500.00 MHz ( period = 2.000 ns ) ; Q[7] ; Q[7] ; clk        ; clk      ; None                        ; None                      ; 0.609 ns                ;
+-------+------------------------------------------------+------+------+------------+----------+-----------------------------+---------------------------+-------------------------+


+-----------------------------------------------------------------+
; tsu                                                             ;
+-------+--------------+------------+-----------+------+----------+
; Slack ; Required tsu ; Actual tsu ; From      ; To   ; To Clock ;
+-------+--------------+------------+-----------+------+----------+
; N/A   ; None         ; 3.100 ns   ; BUScin[7] ; Q[7] ; clk      ;
; N/A   ; None         ; 2.954 ns   ; LDPC      ; Q[0] ; clk      ;
; N/A   ; None         ; 2.954 ns   ; LDPC      ; Q[1] ; clk      ;
; N/A   ; None         ; 2.954 ns   ; LDPC      ; Q[2] ; clk      ;
; N/A   ; None         ; 2.954 ns   ; LDPC      ; Q[3] ; clk      ;
; N/A   ; None         ; 2.954 ns   ; LDPC      ; Q[4] ; clk      ;
; N/A   ; None         ; 2.954 ns   ; LDPC      ; Q[5] ; clk      ;
; N/A   ; None         ; 2.954 ns   ; LDPC      ; Q[6] ; clk      ;
; N/A   ; None         ; 2.954 ns   ; LDPC      ; Q[7] ; clk      ;
; N/A   ; None         ; 2.905 ns   ; INPC      ; Q[7] ; clk      ;
; N/A   ; None         ; 2.870 ns   ; INPC      ; Q[6] ; clk      ;
; N/A   ; None         ; 2.863 ns   ; BUScin[1] ; Q[1] ; clk      ;
; N/A   ; None         ; 2.835 ns   ; INPC      ; Q[5] ; clk      ;
; N/A   ; None         ; 2.832 ns   ; BUScin[0] ; Q[0] ; clk      ;
; N/A   ; None         ; 2.800 ns   ; INPC      ; Q[4] ; clk      ;
; N/A   ; None         ; 2.775 ns   ; BUScin[2] ; Q[2] ; clk      ;
; N/A   ; None         ; 2.765 ns   ; INPC      ; Q[3] ; clk      ;
; N/A   ; None         ; 2.730 ns   ; INPC      ; Q[2] ; clk      ;
; N/A   ; None         ; 2.697 ns   ; BUScin[5] ; Q[5] ; clk      ;
; N/A   ; None         ; 2.695 ns   ; INPC      ; Q[1] ; clk      ;
; N/A   ; None         ; 2.632 ns   ; INPC      ; Q[0] ; clk      ;
; N/A   ; None         ; 2.629 ns   ; BUScin[4] ; Q[4] ; clk      ;
; N/A   ; None         ; 2.481 ns   ; BUScin[3] ; Q[3] ; clk      ;
; N/A   ; None         ; 2.474 ns   ; BUScin[6] ; Q[6] ; clk      ;
+-------+--------------+------------+-----------+------+----------+


+-------------------------------------------------------------------+
; tco                                                               ;
+-------+--------------+------------+------+-----------+------------+
; Slack ; Required tco ; Actual tco ; From ; To        ; From Clock ;
+-------+--------------+------------+------+-----------+------------+
; N/A   ; None         ; 7.092 ns   ; Q[4] ; BUSout[4] ; clk        ;
; N/A   ; None         ; 5.945 ns   ; Q[5] ; BUSout[5] ; clk        ;
; N/A   ; None         ; 5.943 ns   ; Q[2] ; BUSout[2] ; clk        ;
; N/A   ; None         ; 5.545 ns   ; Q[7] ; BUSout[7] ; clk        ;
; N/A   ; None         ; 5.218 ns   ; Q[0] ; BUSout[0] ; clk        ;
; N/A   ; None         ; 5.181 ns   ; Q[6] ; BUSout[6] ; clk        ;
; N/A   ; None         ; 5.067 ns   ; Q[3] ; BUSout[3] ; clk        ;
; N/A   ; None         ; 5.053 ns   ; Q[1] ; BUSout[1] ; clk        ;
+-------+--------------+------------+------+-----------+------------+


+-----------------------------------------------------------------------+
; th                                                                    ;
+---------------+-------------+-----------+-----------+------+----------+
; Minimum Slack ; Required th ; Actual th ; From      ; To   ; To Clock ;
+---------------+-------------+-----------+-----------+------+----------+
; N/A           ; None        ; -2.235 ns ; BUScin[6] ; Q[6] ; clk      ;
; N/A           ; None        ; -2.242 ns ; BUScin[3] ; Q[3] ; clk      ;
; N/A           ; None        ; -2.390 ns ; BUScin[4] ; Q[4] ; clk      ;
; N/A           ; None        ; -2.393 ns ; INPC      ; Q[0] ; clk      ;
; N/A           ; None        ; -2.456 ns ; INPC      ; Q[1] ; clk      ;
; N/A           ; None        ; -2.458 ns ; BUScin[5] ; Q[5] ; clk      ;
; N/A           ; None        ; -2.491 ns ; INPC      ; Q[2] ; clk      ;
; N/A           ; None        ; -2.526 ns ; INPC      ; Q[3] ; clk      ;
; N/A           ; None        ; -2.536 ns ; BUScin[2] ; Q[2] ; clk      ;
; N/A           ; None        ; -2.561 ns ; INPC      ; Q[4] ; clk      ;
; N/A           ; None        ; -2.593 ns ; BUScin[0] ; Q[0] ; clk      ;
; N/A           ; None        ; -2.596 ns ; INPC      ; Q[5] ; clk      ;
; N/A           ; None        ; -2.624 ns ; BUScin[1] ; Q[1] ; clk      ;
; N/A           ; None        ; -2.631 ns ; INPC      ; Q[6] ; clk      ;
; N/A           ; None        ; -2.666 ns ; INPC      ; Q[7] ; clk      ;
; N/A           ; None        ; -2.715 ns ; LDPC      ; Q[0] ; clk      ;
; N/A           ; None        ; -2.715 ns ; LDPC      ; Q[1] ; clk      ;
; N/A           ; None        ; -2.715 ns ; LDPC      ; Q[2] ; clk      ;
; N/A           ; None        ; -2.715 ns ; LDPC      ; Q[3] ; clk      ;
; N/A           ; None        ; -2.715 ns ; LDPC      ; Q[4] ; clk      ;
; N/A           ; None        ; -2.715 ns ; LDPC      ; Q[5] ; clk      ;
; N/A           ; None        ; -2.715 ns ; LDPC      ; Q[6] ; clk      ;
; N/A           ; None        ; -2.715 ns ; LDPC      ; Q[7] ; clk      ;
; N/A           ; None        ; -2.861 ns ; BUScin[7] ; Q[7] ; clk      ;
+---------------+-------------+-----------+-----------+------+----------+


+--------------------------+
; Timing Analyzer Messages ;
+--------------------------+
Info: *******************************************************************
Info: Running Quartus II Classic Timing Analyzer
    Info: Version 9.0 Build 184 04/29/2009 Service Pack 1 SJ Web Edition
    Info: Processing started: Tue Jan 02 16:15:14 2018
Info: Command: quartus_tan --read_settings_files=off --write_settings_files=off JSQ -c JSQ --timing_analysis_only
Warning: Found pins functioning as undefined clocks and/or memory enables
    Info: Assuming node "clk" is an undefined clock
Info: Clock "clk" Internal fmax is restricted to 500.0 MHz between source register "Q[0]" and destination register "Q[7]"
    Info: fmax restricted to clock pin edge rate 2.0 ns. Expand message to see actual delay path.
        Info: + Longest register to register delay is 0.890 ns
            Info: 1: + IC(0.000 ns) + CELL(0.000 ns) = 0.000 ns; Loc. = LCFF_X17_Y1_N1; Fanout = 3; REG Node = 'Q[0]'
            Info: 2: + IC(0.000 ns) + CELL(0.458 ns) = 0.458 ns; Loc. = LCCOMB_X17_Y1_N0; Fanout = 2; COMB Node = 'Add0~2'
            Info: 3: + IC(0.000 ns) + CELL(0.035 ns) = 0.493 ns; Loc. = LCCOMB_X17_Y1_N2; Fanout = 2; COMB Node = 'Add0~6'
            Info: 4: + IC(0.000 ns) + CELL(0.035 ns) = 0.528 ns; Loc. = LCCOMB_X17_Y1_N4; Fanout = 2; COMB Node = 'Add0~10'
            Info: 5: + IC(0.000 ns) + CELL(0.035 ns) = 0.563 ns; Loc. = LCCOMB_X17_Y1_N6; Fanout = 2; COMB Node = 'Add0~14'
            Info: 6: + IC(0.000 ns) + CELL(0.035 ns) = 0.598 ns; Loc. = LCCOMB_X17_Y1_N8; Fanout = 2; COMB Node = 'Add0~18'
            Info: 7: + IC(0.000 ns) + CELL(0.035 ns) = 0.633 ns; Loc. = LCCOMB_X17_Y1_N10; Fanout = 2; COMB Node = 'Add0~22'
            Info: 8: + IC(0.000 ns) + CELL(0.035 ns) = 0.668 ns; Loc. = LCCOMB_X17_Y1_N12; Fanout = 1; COMB Node = 'Add0~26'
            Info: 9: + IC(0.000 ns) + CELL(0.125 ns) = 0.793 ns; Loc. = LCCOMB_X17_Y1_N14; Fanout = 1; COMB Node = 'Add0~29'
            Info: 10: + IC(0.000 ns) + CELL(0.097 ns) = 0.890 ns; Loc. = LCFF_X17_Y1_N15; Fanout = 2; REG Node = 'Q[7]'
            Info: Total cell delay = 0.890 ns ( 100.00 % )
        Info: - Smallest clock skew is 0.000 ns
            Info: + Shortest clock path from clock "clk" to destination register is 2.475 ns
                Info: 1: + IC(0.000 ns) + CELL(0.854 ns) = 0.854 ns; Loc. = PIN_N20; Fanout = 1; CLK Node = 'clk'
                Info: 2: + IC(0.343 ns) + CELL(0.000 ns) = 1.197 ns; Loc. = CLKCTRL_G3; Fanout = 8; COMB Node = 'clk~clkctrl'
                Info: 3: + IC(0.660 ns) + CELL(0.618 ns) = 2.475 ns; Loc. = LCFF_X17_Y1_N15; Fanout = 2; REG Node = 'Q[7]'
                Info: Total cell delay = 1.472 ns ( 59.47 % )
                Info: Total interconnect delay = 1.003 ns ( 40.53 % )
            Info: - Longest clock path from clock "clk" to source register is 2.475 ns
                Info: 1: + IC(0.000 ns) + CELL(0.854 ns) = 0.854 ns; Loc. = PIN_N20; Fanout = 1; CLK Node = 'clk'
                Info: 2: + IC(0.343 ns) + CELL(0.000 ns) = 1.197 ns; Loc. = CLKCTRL_G3; Fanout = 8; COMB Node = 'clk~clkctrl'
                Info: 3: + IC(0.660 ns) + CELL(0.618 ns) = 2.475 ns; Loc. = LCFF_X17_Y1_N1; Fanout = 3; REG Node = 'Q[0]'
                Info: Total cell delay = 1.472 ns ( 59.47 % )
                Info: Total interconnect delay = 1.003 ns ( 40.53 % )
        Info: + Micro clock to output delay of source is 0.094 ns
        Info: + Micro setup delay of destination is 0.090 ns
Info: tsu for register "Q[7]" (data pin = "BUScin[7]", clock pin = "clk") is 3.100 ns
    Info: + Longest pin to register delay is 5.485 ns
        Info: 1: + IC(0.000 ns) + CELL(0.810 ns) = 0.810 ns; Loc. = PIN_P18; Fanout = 1; PIN Node = 'BUScin[7]'
        Info: 2: + IC(4.366 ns) + CELL(0.309 ns) = 5.485 ns; Loc. = LCFF_X17_Y1_N15; Fanout = 2; REG Node = 'Q[7]'
        Info: Total cell delay = 1.119 ns ( 20.40 % )
        Info: Total interconnect delay = 4.366 ns ( 79.60 % )
    Info: + Micro setup delay of destination is 0.090 ns
    Info: - Shortest clock path from clock "clk" to destination register is 2.475 ns
        Info: 1: + IC(0.000 ns) + CELL(0.854 ns) = 0.854 ns; Loc. = PIN_N20; Fanout = 1; CLK Node = 'clk'
        Info: 2: + IC(0.343 ns) + CELL(0.000 ns) = 1.197 ns; Loc. = CLKCTRL_G3; Fanout = 8; COMB Node = 'clk~clkctrl'
        Info: 3: + IC(0.660 ns) + CELL(0.618 ns) = 2.475 ns; Loc. = LCFF_X17_Y1_N15; Fanout = 2; REG Node = 'Q[7]'
        Info: Total cell delay = 1.472 ns ( 59.47 % )
        Info: Total interconnect delay = 1.003 ns ( 40.53 % )
Info: tco from clock "clk" to destination pin "BUSout[4]" through register "Q[4]" is 7.092 ns
    Info: + Longest clock path from clock "clk" to source register is 2.475 ns
        Info: 1: + IC(0.000 ns) + CELL(0.854 ns) = 0.854 ns; Loc. = PIN_N20; Fanout = 1; CLK Node = 'clk'
        Info: 2: + IC(0.343 ns) + CELL(0.000 ns) = 1.197 ns; Loc. = CLKCTRL_G3; Fanout = 8; COMB Node = 'clk~clkctrl'
        Info: 3: + IC(0.660 ns) + CELL(0.618 ns) = 2.475 ns; Loc. = LCFF_X17_Y1_N9; Fanout = 3; REG Node = 'Q[4]'
        Info: Total cell delay = 1.472 ns ( 59.47 % )
        Info: Total interconnect delay = 1.003 ns ( 40.53 % )
    Info: + Micro clock to output delay of source is 0.094 ns
    Info: + Longest register to pin delay is 4.523 ns
        Info: 1: + IC(0.000 ns) + CELL(0.000 ns) = 0.000 ns; Loc. = LCFF_X17_Y1_N9; Fanout = 3; REG Node = 'Q[4]'
        Info: 2: + IC(2.571 ns) + CELL(1.952 ns) = 4.523 ns; Loc. = PIN_D11; Fanout = 0; PIN Node = 'BUSout[4]'
        Info: Total cell delay = 1.952 ns ( 43.16 % )
        Info: Total interconnect delay = 2.571 ns ( 56.84 % )
Info: th for register "Q[6]" (data pin = "BUScin[6]", clock pin = "clk") is -2.235 ns
    Info: + Longest clock path from clock "clk" to destination register is 2.475 ns
        Info: 1: + IC(0.000 ns) + CELL(0.854 ns) = 0.854 ns; Loc. = PIN_N20; Fanout = 1; CLK Node = 'clk'
        Info: 2: + IC(0.343 ns) + CELL(0.000 ns) = 1.197 ns; Loc. = CLKCTRL_G3; Fanout = 8; COMB Node = 'clk~clkctrl'
        Info: 3: + IC(0.660 ns) + CELL(0.618 ns) = 2.475 ns; Loc. = LCFF_X17_Y1_N13; Fanout = 3; REG Node = 'Q[6]'
        Info: Total cell delay = 1.472 ns ( 59.47 % )
        Info: Total interconnect delay = 1.003 ns ( 40.53 % )
    Info: + Micro hold delay of destination is 0.149 ns
    Info: - Shortest pin to register delay is 4.859 ns
        Info: 1: + IC(0.000 ns) + CELL(0.827 ns) = 0.827 ns; Loc. = PIN_W12; Fanout = 1; PIN Node = 'BUScin[6]'
        Info: 2: + IC(3.723 ns) + CELL(0.309 ns) = 4.859 ns; Loc. = LCFF_X17_Y1_N13; Fanout = 3; REG Node = 'Q[6]'
        Info: Total cell delay = 1.136 ns ( 23.38 % )
        Info: Total interconnect delay = 3.723 ns ( 76.62 % )
Info: Quartus II Classic Timing Analyzer was successful. 0 errors, 1 warning
    Info: Peak virtual memory: 248 megabytes
    Info: Processing ended: Tue Jan 02 16:15:15 2018
    Info: Elapsed time: 00:00:01
    Info: Total CPU time (on all processors): 00:00:00


